
DTICI5WX	Thu Jan 26 16:17:36 2017
	Operating system call _beginthreadex failed. Error code 5


DTICI5WX	Thu Jan 26 16:17:36 2017
	Trace facility: can't start touch thread


DTICI5WX	Thu Feb 02 09:45:45 2017
	Operating system call _beginthreadex failed. Error code 5


DTICI5WX	Thu Feb 02 09:45:45 2017
	Trace facility: can't start touch thread


DTICI5WX	Fri Feb 03 14:03:30 2017
	ib_util init failed, UDFs can't be used - looks like firebird misconfigured
	
	D:\src\projects\Werkerfuehrung\ww_hh_build-trunk\ww_hh - Triumph\bin\debug\bin/ib_util.dll library has not been found
	D:\src\projects\Werkerfuehrung\ww_hh_build-trunk\ww_hh - Triumph\bin\debug\ib_util.dll library has not been found
	ib_util.dll library has not been found


DTICI5WX	Fri Feb 03 14:05:20 2017
	Operating system call _beginthreadex failed. Error code 5


DTICI5WX	Fri Feb 03 14:05:20 2017
	Trace facility: can't start touch thread


DTICI5WX	Fri Feb 03 14:07:06 2017
	Operating system call _beginthreadex failed. Error code 5


DTICI5WX	Fri Feb 03 14:07:06 2017
	Trace facility: can't start touch thread


DTICI5WX	Fri Feb 03 14:34:19 2017
	Operating system call _beginthreadex failed. Error code 5


DTICI5WX	Fri Feb 03 14:34:20 2017
	Trace facility: can't start touch thread


DTICI5WX	Fri Feb 03 15:10:48 2017
	Operating system call _beginthreadex failed. Error code 5


DTICI5WX	Fri Feb 03 15:10:48 2017
	Trace facility: can't start touch thread


DTICI5WX	Mon Feb 06 10:27:08 2017
	Operating system call _beginthreadex failed. Error code 5


DTICI5WX	Mon Feb 06 10:27:08 2017
	Trace facility: can't start touch thread


DTICI5WX	Mon Feb 06 10:43:04 2017
	Operating system call _beginthreadex failed. Error code 5


DTICI5WX	Mon Feb 06 10:43:04 2017
	Trace facility: can't start touch thread


DTICI5WX	Mon Feb 06 10:45:39 2017
	Operating system call _beginthreadex failed. Error code 5


DTICI5WX	Mon Feb 06 10:45:39 2017
	Trace facility: can't start touch thread


DTICI5WX	Mon Feb 06 13:14:54 2017
	Operating system call _beginthreadex failed. Error code 5


DTICI5WX	Mon Feb 06 13:14:54 2017
	Trace facility: can't start touch thread


DTICI5WX	Mon Feb 06 13:20:27 2017
	Operating system call _beginthreadex failed. Error code 5


DTICI5WX	Mon Feb 06 13:20:27 2017
	Trace facility: can't start touch thread


DTICI5WX	Tue Feb 07 15:05:11 2017
	Operating system call _beginthreadex failed. Error code 5


DTICI5WX	Tue Feb 07 15:05:11 2017
	Trace facility: can't start touch thread


DTICI5WX	Tue Feb 07 15:08:29 2017
	ib_util init failed, UDFs can't be used - looks like firebird misconfigured
	
	D:\src\projects\Werkerfuehrung\ww_hh_build-trunk\ww_hh - Triumph\bin\debug\bin/ib_util.dll library has not been found
	D:\src\projects\Werkerfuehrung\ww_hh_build-trunk\ww_hh - Triumph\bin\debug\ib_util.dll library has not been found
	ib_util.dll library has not been found


DTICI5WX	Tue Feb 07 15:08:47 2017
	Operating system call _beginthreadex failed. Error code 5


DTICI5WX	Tue Feb 07 15:08:47 2017
	Trace facility: can't start touch thread


DTICI5WX	Tue Feb 07 15:45:25 2017
	Operating system call _beginthreadex failed. Error code 5


DTICI5WX	Tue Feb 07 15:45:25 2017
	Trace facility: can't start touch thread


DTICI5WX	Tue Feb 07 16:02:07 2017
	Operating system call _beginthreadex failed. Error code 5


DTICI5WX	Tue Feb 07 16:02:07 2017
	Trace facility: can't start touch thread


DTICI5WX	Tue Feb 07 16:37:26 2017
	Operating system call _beginthreadex failed. Error code 5


DTICI5WX	Tue Feb 07 16:37:26 2017
	Trace facility: can't start touch thread


DTICI5WX	Tue Feb 07 18:15:28 2017
	Operating system call _beginthreadex failed. Error code 5


DTICI5WX	Tue Feb 07 18:15:28 2017
	Trace facility: can't start touch thread


DTICI5WX	Tue Feb 07 18:19:10 2017
	Operating system call _beginthreadex failed. Error code 5


DTICI5WX	Tue Feb 07 18:19:10 2017
	Trace facility: can't start touch thread


DTICI5WX	Mon Feb 13 14:35:32 2017
	Operating system call _beginthreadex failed. Error code 5


DTICI5WX	Mon Feb 13 14:35:32 2017
	Trace facility: can't start touch thread


DTICI5WX	Mon Feb 13 15:05:37 2017
	Operating system call _beginthreadex failed. Error code 5


DTICI5WX	Mon Feb 13 15:05:37 2017
	Trace facility: can't start touch thread


DTICI5WX	Mon Feb 13 15:29:12 2017
	Operating system call _beginthreadex failed. Error code 5


DTICI5WX	Mon Feb 13 15:29:12 2017
	Trace facility: can't start touch thread


DTICI5WX	Mon Feb 13 15:31:31 2017
	Operating system call _beginthreadex failed. Error code 5


DTICI5WX	Mon Feb 13 15:31:31 2017
	Trace facility: can't start touch thread


DTICI5WX	Mon Feb 13 15:46:07 2017
	Operating system call _beginthreadex failed. Error code 5


DTICI5WX	Mon Feb 13 15:46:07 2017
	Trace facility: can't start touch thread


DTICI5WX	Mon Feb 13 15:46:20 2017
	ib_util init failed, UDFs can't be used - looks like firebird misconfigured
	
	D:\src\projects\Werkerfuehrung\ww_hh_build-trunk\ww_hh - Triumph\bin\debug\bin/ib_util.dll library has not been found
	D:\src\projects\Werkerfuehrung\ww_hh_build-trunk\ww_hh - Triumph\bin\debug\ib_util.dll library has not been found
	ib_util.dll library has not been found


DTICI5WX	Mon Feb 13 15:48:08 2017
	Operating system call _beginthreadex failed. Error code 5


DTICI5WX	Mon Feb 13 15:48:08 2017
	Trace facility: can't start touch thread


DTICI5WX	Mon Feb 13 15:48:42 2017
	Operating system call _beginthreadex failed. Error code 5


DTICI5WX	Mon Feb 13 15:48:42 2017
	Trace facility: can't start touch thread


DTICI5WX	Mon Feb 13 15:51:03 2017
	Operating system call _beginthreadex failed. Error code 5


DTICI5WX	Mon Feb 13 15:51:03 2017
	Trace facility: can't start touch thread


DTICI5WX	Mon Feb 20 11:06:03 2017
	ib_util init failed, UDFs can't be used - looks like firebird misconfigured
	
	D:\src\projects\Werkerfuehrung\ww_hh_build-trunk\ww_hh - Triumph\bin\debug\bin/ib_util.dll library has not been found
	D:\src\projects\Werkerfuehrung\ww_hh_build-trunk\ww_hh - Triumph\bin\debug\ib_util.dll library has not been found
	ib_util.dll library has not been found


DTICI5WX	Mon Feb 20 14:10:45 2017
	ib_util init failed, UDFs can't be used - looks like firebird misconfigured
	
	D:\src\projects\Werkerfuehrung\ww_hh_build-trunk\ww_hh - Triumph\bin\debug\bin/ib_util.dll library has not been found
	D:\src\projects\Werkerfuehrung\ww_hh_build-trunk\ww_hh - Triumph\bin\debug\ib_util.dll library has not been found
	ib_util.dll library has not been found


DTICI5WX	Tue Feb 21 09:33:57 2017
	ib_util init failed, UDFs can't be used - looks like firebird misconfigured
	
	D:\src\projects\Werkerfuehrung\ww_hh_build-trunk\ww_hh - Triumph\bin\debug\bin/ib_util.dll library has not been found
	D:\src\projects\Werkerfuehrung\ww_hh_build-trunk\ww_hh - Triumph\bin\debug\ib_util.dll library has not been found
	ib_util.dll library has not been found


DTICI5WX	Tue Feb 21 15:46:04 2017
	ib_util init failed, UDFs can't be used - looks like firebird misconfigured
	
	D:\src\projects\Werkerfuehrung\ww_hh_build-trunk\ww_hh - Triumph\bin\debug\bin/ib_util.dll library has not been found
	D:\src\projects\Werkerfuehrung\ww_hh_build-trunk\ww_hh - Triumph\bin\debug\ib_util.dll library has not been found
	ib_util.dll library has not been found


DTICI5WX	Thu Feb 23 10:40:38 2017
	ib_util init failed, UDFs can't be used - looks like firebird misconfigured
	
	D:\src\projects\Werkerfuehrung\ww_hh_build-trunk\ww_hh - Triumph\bin\debug\bin/ib_util.dll library has not been found
	D:\src\projects\Werkerfuehrung\ww_hh_build-trunk\ww_hh - Triumph\bin\debug\ib_util.dll library has not been found
	ib_util.dll library has not been found


DTICI5WX	Wed Mar 08 08:37:58 2017
	Operating system call _beginthreadex failed. Error code 5


DTICI5WX	Wed Mar 08 08:37:59 2017
	Trace facility: can't start touch thread


DTICI5WX	Fri Mar 10 13:39:29 2017
	ib_util init failed, UDFs can't be used - looks like firebird misconfigured
	
	D:\src\projects\Werkerfuehrung\ww_hh_build-trunk\ww_hh - Triumph\bin\debug\bin/ib_util.dll library has not been found
	D:\src\projects\Werkerfuehrung\ww_hh_build-trunk\ww_hh - Triumph\bin\debug\ib_util.dll library has not been found
	ib_util.dll library has not been found


DTICI5WX	Mon Mar 13 14:42:57 2017
	ib_util init failed, UDFs can't be used - looks like firebird misconfigured
	
	D:\src\projects\Werkerfuehrung\ww_hh_build-trunk\ww_hh - Triumph\bin\debug\bin/ib_util.dll library has not been found
	D:\src\projects\Werkerfuehrung\ww_hh_build-trunk\ww_hh - Triumph\bin\debug\ib_util.dll library has not been found
	ib_util.dll library has not been found


DTICI5WX	Mon Mar 13 15:48:43 2017
	ib_util init failed, UDFs can't be used - looks like firebird misconfigured
	
	D:\src\projects\Werkerfuehrung\ww_hh_build-trunk\ww_hh - Triumph\bin\debug\bin/ib_util.dll library has not been found
	D:\src\projects\Werkerfuehrung\ww_hh_build-trunk\ww_hh - Triumph\bin\debug\ib_util.dll library has not been found
	ib_util.dll library has not been found


DTICI5WX	Tue Mar 14 17:16:49 2017
	ib_util init failed, UDFs can't be used - looks like firebird misconfigured
	
	D:\src\projects\Werkerfuehrung\ww_hh_build-trunk\ww_hh - Triumph\bin\debug\bin/ib_util.dll library has not been found
	D:\src\projects\Werkerfuehrung\ww_hh_build-trunk\ww_hh - Triumph\bin\debug\ib_util.dll library has not been found
	ib_util.dll library has not been found


DTICI5WX	Wed Mar 15 15:17:19 2017
	ib_util init failed, UDFs can't be used - looks like firebird misconfigured
	
	D:\src\projects\Werkerfuehrung\ww_hh_build-trunk\ww_hh - Triumph\bin\debug\bin/ib_util.dll library has not been found
	D:\src\projects\Werkerfuehrung\ww_hh_build-trunk\ww_hh - Triumph\bin\debug\ib_util.dll library has not been found
	ib_util.dll library has not been found


DTICI5WX	Wed Mar 15 15:53:28 2017
	ib_util init failed, UDFs can't be used - looks like firebird misconfigured
	
	D:\src\projects\Werkerfuehrung\ww_hh_build-trunk\ww_hh - Triumph\bin\debug\bin/ib_util.dll library has not been found
	D:\src\projects\Werkerfuehrung\ww_hh_build-trunk\ww_hh - Triumph\bin\debug\ib_util.dll library has not been found
	ib_util.dll library has not been found


DTICI5WX	Thu Mar 16 08:55:11 2017
	ib_util init failed, UDFs can't be used - looks like firebird misconfigured
	
	D:\src\projects\Werkerfuehrung\ww_hh_build-trunk\ww_hh - Triumph\bin\debug\bin/ib_util.dll library has not been found
	D:\src\projects\Werkerfuehrung\ww_hh_build-trunk\ww_hh - Triumph\bin\debug\ib_util.dll library has not been found
	ib_util.dll library has not been found


DTICI5WX	Thu Mar 16 08:59:00 2017
	Operating system call _beginthreadex failed. Error code 5


DTICI5WX	Thu Mar 16 08:59:00 2017
	Trace facility: can't start touch thread


DTICI5WX	Thu Mar 16 09:05:31 2017
	Operating system call _beginthreadex failed. Error code 5


DTICI5WX	Thu Mar 16 09:05:31 2017
	Trace facility: can't start touch thread


DTICI5WX	Thu Mar 16 09:12:48 2017
	Operating system call _beginthreadex failed. Error code 5


DTICI5WX	Thu Mar 16 09:12:48 2017
	Trace facility: can't start touch thread


DTICI5WX	Thu Mar 16 09:13:34 2017
	Operating system call _beginthreadex failed. Error code 5


DTICI5WX	Thu Mar 16 09:13:34 2017
	Trace facility: can't start touch thread


DTICI5WX	Thu Mar 16 09:47:14 2017
	Operating system call _beginthreadex failed. Error code 5


DTICI5WX	Thu Mar 16 09:47:14 2017
	Trace facility: can't start touch thread


DTICI5WX	Thu Mar 16 09:50:44 2017
	Operating system call _beginthreadex failed. Error code 5


DTICI5WX	Thu Mar 16 09:50:44 2017
	Trace facility: can't start touch thread


DTICI5WX	Thu Mar 16 11:09:20 2017
	Operating system call _beginthreadex failed. Error code 5


DTICI5WX	Thu Mar 16 11:09:20 2017
	Trace facility: can't start touch thread


DTICI5WX	Thu Mar 16 11:21:52 2017
	Operating system call _beginthreadex failed. Error code 5


DTICI5WX	Thu Mar 16 11:21:52 2017
	Trace facility: can't start touch thread


DTICI5WX	Thu Mar 16 14:28:23 2017
	Operating system call _beginthreadex failed. Error code 5


DTICI5WX	Thu Mar 16 14:28:23 2017
	Trace facility: can't start touch thread


DTICI5WX	Thu Mar 16 16:00:36 2017
	Operating system call _beginthreadex failed. Error code 5


DTICI5WX	Thu Mar 16 16:00:36 2017
	Trace facility: can't start touch thread


DTICI5WX	Fri Mar 17 10:25:56 2017
	ib_util init failed, UDFs can't be used - looks like firebird misconfigured
	
	D:\src\projects\Werkerfuehrung\ww_hh_build-trunk\ww_hh - Triumph\bin\debug\bin/ib_util.dll library has not been found
	D:\src\projects\Werkerfuehrung\ww_hh_build-trunk\ww_hh - Triumph\bin\debug\ib_util.dll library has not been found
	ib_util.dll library has not been found


DTICI5WX	Fri Mar 17 11:06:59 2017
	ib_util init failed, UDFs can't be used - looks like firebird misconfigured
	
	D:\src\projects\Werkerfuehrung\ww_hh_build-trunk\ww_hh - Triumph\bin\debug\bin/ib_util.dll library has not been found
	D:\src\projects\Werkerfuehrung\ww_hh_build-trunk\ww_hh - Triumph\bin\debug\ib_util.dll library has not been found
	ib_util.dll library has not been found


DTICI5WX	Fri Mar 17 11:47:46 2017
	ib_util init failed, UDFs can't be used - looks like firebird misconfigured
	
	D:\src\projects\Werkerfuehrung\ww_hh_build-trunk\ww_hh - Triumph\bin\debug\bin/ib_util.dll library has not been found
	D:\src\projects\Werkerfuehrung\ww_hh_build-trunk\ww_hh - Triumph\bin\debug\ib_util.dll library has not been found
	ib_util.dll library has not been found


DTICI5WX	Fri Mar 17 11:56:53 2017
	ib_util init failed, UDFs can't be used - looks like firebird misconfigured
	
	D:\src\projects\Werkerfuehrung\ww_hh_build-trunk\ww_hh - Triumph\bin\debug\bin/ib_util.dll library has not been found
	D:\src\projects\Werkerfuehrung\ww_hh_build-trunk\ww_hh - Triumph\bin\debug\ib_util.dll library has not been found
	ib_util.dll library has not been found


DTICI5WX	Mon Mar 20 15:27:22 2017
	ib_util init failed, UDFs can't be used - looks like firebird misconfigured
	
	D:\src\projects\Werkerfuehrung\ww_hh_build-trunk\ww_hh - Triumph\bin\debug\bin/ib_util.dll library has not been found
	D:\src\projects\Werkerfuehrung\ww_hh_build-trunk\ww_hh - Triumph\bin\debug\ib_util.dll library has not been found
	ib_util.dll library has not been found


DTICI5WX	Mon Mar 20 15:34:46 2017
	ib_util init failed, UDFs can't be used - looks like firebird misconfigured
	
	D:\src\projects\Werkerfuehrung\ww_hh_build-trunk\ww_hh - Triumph\bin\debug\bin/ib_util.dll library has not been found
	D:\src\projects\Werkerfuehrung\ww_hh_build-trunk\ww_hh - Triumph\bin\debug\ib_util.dll library has not been found
	ib_util.dll library has not been found


DTICI5WX	Wed Mar 22 12:10:46 2017
	Operating system call _beginthreadex failed. Error code 5


DTICI5WX	Wed Mar 22 12:10:46 2017
	Trace facility: can't start touch thread


DTICI5WX	Wed Mar 22 12:15:37 2017
	Operating system call _beginthreadex failed. Error code 5


DTICI5WX	Wed Mar 22 12:15:37 2017
	Trace facility: can't start touch thread


DTICI5WX	Wed Mar 22 13:19:12 2017
	Operating system call _beginthreadex failed. Error code 5


DTICI5WX	Wed Mar 22 13:19:12 2017
	Trace facility: can't start touch thread


DTICI5WX	Wed Mar 22 13:35:09 2017
	Operating system call _beginthreadex failed. Error code 5


DTICI5WX	Wed Mar 22 13:35:09 2017
	Trace facility: can't start touch thread


DTICI5WX	Wed Mar 22 13:38:12 2017
	Operating system call _beginthreadex failed. Error code 5


DTICI5WX	Wed Mar 22 13:38:12 2017
	Trace facility: can't start touch thread


DTICI5WX	Wed Mar 22 13:38:20 2017
	Operating system call _beginthreadex failed. Error code 5


DTICI5WX	Wed Mar 22 13:38:20 2017
	Trace facility: can't start touch thread


DTICI5WX	Wed Mar 22 13:52:24 2017
	Operating system call _beginthreadex failed. Error code 5


DTICI5WX	Wed Mar 22 13:52:24 2017
	Trace facility: can't start touch thread


DTICI5WX	Fri Mar 24 12:35:26 2017
	Operating system call _beginthreadex failed. Error code 5


DTICI5WX	Fri Mar 24 12:35:26 2017
	Trace facility: can't start touch thread


DTICI5WX	Fri Mar 24 13:11:31 2017
	Operating system call _beginthreadex failed. Error code 5


DTICI5WX	Fri Mar 24 13:11:31 2017
	Trace facility: can't start touch thread


DTICI5WX	Fri Mar 24 14:04:37 2017
	Operating system call _beginthreadex failed. Error code 5


DTICI5WX	Fri Mar 24 14:04:37 2017
	Trace facility: can't start touch thread


DTICI5WX	Fri Mar 24 14:51:50 2017
	Operating system call _beginthreadex failed. Error code 5


DTICI5WX	Fri Mar 24 14:51:50 2017
	Trace facility: can't start touch thread


DTICI5WX	Mon Mar 27 10:43:41 2017
	ib_util init failed, UDFs can't be used - looks like firebird misconfigured
	
	D:\src\projects\Werkerfuehrung\ww_hh_build-trunk\ww_hh - Triumph\bin\debug\bin/ib_util.dll library has not been found
	D:\src\projects\Werkerfuehrung\ww_hh_build-trunk\ww_hh - Triumph\bin\debug\ib_util.dll library has not been found
	ib_util.dll library has not been found


DTICI5WX	Mon Mar 27 11:30:51 2017
	Operating system call _beginthreadex failed. Error code 5


DTICI5WX	Mon Mar 27 11:30:51 2017
	Trace facility: can't start touch thread


DTICI5WX	Mon Mar 27 11:47:54 2017
	Operating system call _beginthreadex failed. Error code 5


DTICI5WX	Mon Mar 27 11:47:54 2017
	Trace facility: can't start touch thread


DTICI5WX	Mon Mar 27 12:01:56 2017
	Operating system call _beginthreadex failed. Error code 5


DTICI5WX	Mon Mar 27 12:01:56 2017
	Trace facility: can't start touch thread


DTICI5WX	Mon Mar 27 13:29:11 2017
	Operating system call _beginthreadex failed. Error code 5


DTICI5WX	Mon Mar 27 13:29:11 2017
	Trace facility: can't start touch thread


DTICI5WX	Mon Mar 27 13:40:21 2017
	Operating system call _beginthreadex failed. Error code 5


DTICI5WX	Mon Mar 27 13:40:21 2017
	Trace facility: can't start touch thread


DTICI5WX	Thu Mar 30 10:15:51 2017
	Operating system call _beginthreadex failed. Error code 5


DTICI5WX	Thu Mar 30 10:15:51 2017
	Trace facility: can't start touch thread


DTICI5WX	Thu Mar 30 11:05:48 2017
	Operating system call _beginthreadex failed. Error code 5


DTICI5WX	Thu Mar 30 11:05:48 2017
	Trace facility: can't start touch thread


DTICI5WX	Thu Apr 06 11:55:18 2017
	Operating system call _beginthreadex failed. Error code 5


DTICI5WX	Thu Apr 06 11:55:18 2017
	Trace facility: can't start touch thread


DTICI5WX	Thu Apr 06 11:56:20 2017
	Operating system call _beginthreadex failed. Error code 5


DTICI5WX	Thu Apr 06 11:56:20 2017
	Trace facility: can't start touch thread


DTICI5WX	Thu Apr 06 13:31:53 2017
	Operating system call _beginthreadex failed. Error code 5


DTICI5WX	Thu Apr 06 13:31:53 2017
	Trace facility: can't start touch thread


DTICI5WX	Thu Apr 06 14:43:43 2017
	Operating system call _beginthreadex failed. Error code 5


DTICI5WX	Thu Apr 06 14:43:43 2017
	Trace facility: can't start touch thread


DTICI5WX	Thu Apr 06 16:22:18 2017
	Operating system call _beginthreadex failed. Error code 5


DTICI5WX	Thu Apr 06 16:22:18 2017
	Trace facility: can't start touch thread


DTICI5WX	Thu Apr 06 16:43:13 2017
	Operating system call _beginthreadex failed. Error code 5


DTICI5WX	Thu Apr 06 16:43:13 2017
	Trace facility: can't start touch thread


DTICI5WX	Fri Apr 07 10:28:09 2017
	Operating system call _beginthreadex failed. Error code 5


DTICI5WX	Fri Apr 07 10:28:09 2017
	Trace facility: can't start touch thread


DTICI5WX	Fri Apr 07 11:38:39 2017
	Operating system call _beginthreadex failed. Error code 5


DTICI5WX	Fri Apr 07 11:38:39 2017
	Trace facility: can't start touch thread


DTICI5WX	Wed Apr 19 09:51:02 2017
	ib_util init failed, UDFs can't be used - looks like firebird misconfigured
	
	D:\src\projects\Werkerfuehrung\ww_hh_build-trunk\ww_hh - Triumph\bin\debug\bin/ib_util.dll library has not been found
	D:\src\projects\Werkerfuehrung\ww_hh_build-trunk\ww_hh - Triumph\bin\debug\ib_util.dll library has not been found
	ib_util.dll library has not been found


DTICI5WX	Wed Apr 19 10:00:17 2017
	Operating system call _beginthreadex failed. Error code 5


DTICI5WX	Wed Apr 19 10:00:17 2017
	Trace facility: can't start touch thread


DTICI5WX	Wed Apr 19 11:43:11 2017
	Operating system call _beginthreadex failed. Error code 5


DTICI5WX	Wed Apr 19 11:43:11 2017
	Trace facility: can't start touch thread


DTICI5WX	Wed Apr 19 14:41:07 2017
	Operating system call _beginthreadex failed. Error code 5


DTICI5WX	Wed Apr 19 14:41:07 2017
	Trace facility: can't start touch thread


DTICI5WX	Wed Apr 19 15:24:10 2017
	Operating system call _beginthreadex failed. Error code 5


DTICI5WX	Wed Apr 19 15:24:10 2017
	Trace facility: can't start touch thread


DTICI5WX	Thu Apr 20 10:25:19 2017
	Operating system call _beginthreadex failed. Error code 5


DTICI5WX	Thu Apr 20 10:25:19 2017
	Trace facility: can't start touch thread


DTICI5WX	Thu Apr 20 10:44:03 2017
	Operating system call _beginthreadex failed. Error code 5


DTICI5WX	Thu Apr 20 10:44:03 2017
	Trace facility: can't start touch thread


DTICI5WX	Thu Apr 20 11:00:06 2017
	Operating system call _beginthreadex failed. Error code 5


DTICI5WX	Thu Apr 20 11:00:06 2017
	Trace facility: can't start touch thread


DTICI5WX	Thu Apr 20 12:04:48 2017
	Operating system call _beginthreadex failed. Error code 5


DTICI5WX	Thu Apr 20 12:04:48 2017
	Trace facility: can't start touch thread


DTICI5WX	Thu Apr 20 12:07:17 2017
	Operating system call _beginthreadex failed. Error code 5


DTICI5WX	Thu Apr 20 12:07:17 2017
	Trace facility: can't start touch thread


DTICI5WX	Thu Apr 20 14:13:50 2017
	Operating system call _beginthreadex failed. Error code 5


DTICI5WX	Thu Apr 20 14:13:50 2017
	Trace facility: can't start touch thread


DTICI5WX	Thu Apr 20 14:48:32 2017
	Operating system call _beginthreadex failed. Error code 5


DTICI5WX	Thu Apr 20 14:48:32 2017
	Trace facility: can't start touch thread


DTICI5WX	Thu Apr 20 15:01:12 2017
	ib_util init failed, UDFs can't be used - looks like firebird misconfigured
	
	D:\src\projects\Werkerfuehrung\ww_hh_build-trunk\ww_hh - Triumph\bin\debug\bin/ib_util.dll library has not been found
	D:\src\projects\Werkerfuehrung\ww_hh_build-trunk\ww_hh - Triumph\bin\debug\ib_util.dll library has not been found
	ib_util.dll library has not been found


DTICI5WX	Fri Apr 21 10:55:49 2017
	ib_util init failed, UDFs can't be used - looks like firebird misconfigured
	
	D:\src\projects\Werkerfuehrung\ww_hh_build-trunk\ww_hh - Triumph\bin\debug\bin/ib_util.dll library has not been found
	D:\src\projects\Werkerfuehrung\ww_hh_build-trunk\ww_hh - Triumph\bin\debug\ib_util.dll library has not been found
	ib_util.dll library has not been found


DTICI5WX	Fri Apr 21 16:05:52 2017
	Operating system call _beginthreadex failed. Error code 5


DTICI5WX	Fri Apr 21 16:05:52 2017
	Trace facility: can't start touch thread


DTICI5WX	Tue Apr 25 15:34:02 2017
	Operating system call _beginthreadex failed. Error code 5


DTICI5WX	Tue Apr 25 15:34:02 2017
	Trace facility: can't start touch thread


DTICI5WX	Fri Apr 28 10:46:30 2017
	Operating system call _beginthreadex failed. Error code 5


DTICI5WX	Fri Apr 28 10:46:30 2017
	Trace facility: can't start touch thread


DTICI5WX	Fri Apr 28 10:58:09 2017
	Operating system call _beginthreadex failed. Error code 5


DTICI5WX	Fri Apr 28 10:58:09 2017
	Trace facility: can't start touch thread


DTICI5WX	Fri Apr 28 11:14:44 2017
	Operating system call _beginthreadex failed. Error code 5


DTICI5WX	Fri Apr 28 11:14:44 2017
	Trace facility: can't start touch thread


DTICI5WX	Fri Apr 28 11:20:35 2017
	Operating system call _beginthreadex failed. Error code 5


DTICI5WX	Fri Apr 28 11:20:35 2017
	Trace facility: can't start touch thread


DTICI5WX	Fri Apr 28 11:37:11 2017
	Operating system call _beginthreadex failed. Error code 5


DTICI5WX	Fri Apr 28 11:37:11 2017
	Trace facility: can't start touch thread


DTICI5WX	Fri Apr 28 12:16:46 2017
	Operating system call _beginthreadex failed. Error code 5


DTICI5WX	Fri Apr 28 12:16:46 2017
	Trace facility: can't start touch thread


DTICI5WX	Fri Apr 28 13:30:32 2017
	Operating system call _beginthreadex failed. Error code 5


DTICI5WX	Fri Apr 28 13:30:32 2017
	Trace facility: can't start touch thread


DTICI5WX	Fri Apr 28 13:51:01 2017
	Operating system call _beginthreadex failed. Error code 5


DTICI5WX	Fri Apr 28 13:51:01 2017
	Trace facility: can't start touch thread


DTICI5WX	Fri Apr 28 14:46:51 2017
	Operating system call _beginthreadex failed. Error code 5


DTICI5WX	Fri Apr 28 14:46:51 2017
	Trace facility: can't start touch thread


DTICI5WX	Fri Apr 28 15:21:36 2017
	Operating system call _beginthreadex failed. Error code 5


DTICI5WX	Fri Apr 28 15:21:36 2017
	Trace facility: can't start touch thread


DTICI5WX	Fri Apr 28 15:26:02 2017
	Operating system call _beginthreadex failed. Error code 5


DTICI5WX	Fri Apr 28 15:26:02 2017
	Trace facility: can't start touch thread


DTICI5WX	Fri Apr 28 17:16:06 2017
	ib_util init failed, UDFs can't be used - looks like firebird misconfigured
	
	D:\src\projects\Werkerfuehrung\ww_hh_build-trunk\ww_hh - Triumph\bin\debug\bin/ib_util.dll library has not been found
	D:\src\projects\Werkerfuehrung\ww_hh_build-trunk\ww_hh - Triumph\bin\debug\ib_util.dll library has not been found
	ib_util.dll library has not been found


DTICI5WX	Fri Apr 28 17:16:23 2017
	Operating system call _beginthreadex failed. Error code 5


DTICI5WX	Fri Apr 28 17:16:23 2017
	Trace facility: can't start touch thread


DTICI5WX	Fri Apr 28 17:18:12 2017
	Operating system call _beginthreadex failed. Error code 5


DTICI5WX	Fri Apr 28 17:18:12 2017
	Trace facility: can't start touch thread


DTICI5WX	Fri Apr 28 17:29:49 2017
	Operating system call _beginthreadex failed. Error code 5


DTICI5WX	Fri Apr 28 17:29:49 2017
	Trace facility: can't start touch thread


DTICI5WX	Fri Apr 28 17:31:56 2017
	Operating system call _beginthreadex failed. Error code 5


DTICI5WX	Fri Apr 28 17:31:56 2017
	Trace facility: can't start touch thread


DTICI5WX	Fri Apr 28 17:48:17 2017
	Operating system call _beginthreadex failed. Error code 5


DTICI5WX	Fri Apr 28 17:48:17 2017
	Trace facility: can't start touch thread


DTICI5WX	Fri Apr 28 18:13:56 2017
	Operating system call _beginthreadex failed. Error code 5


DTICI5WX	Fri Apr 28 18:13:56 2017
	Trace facility: can't start touch thread


DTICI5WX	Tue May 02 11:08:49 2017
	Operating system call _beginthreadex failed. Error code 5


DTICI5WX	Tue May 02 11:08:49 2017
	Trace facility: can't start touch thread


DTICI5WX	Tue May 02 11:42:23 2017
	Operating system call _beginthreadex failed. Error code 5


DTICI5WX	Tue May 02 11:42:23 2017
	Trace facility: can't start touch thread


DTICI5WX	Tue May 02 11:49:48 2017
	Operating system call _beginthreadex failed. Error code 5


DTICI5WX	Tue May 02 11:49:48 2017
	Trace facility: can't start touch thread


DTICI5WX	Tue May 02 13:36:19 2017
	Operating system call _beginthreadex failed. Error code 5


DTICI5WX	Tue May 02 13:36:19 2017
	Trace facility: can't start touch thread


DTICI5WX	Tue May 02 13:38:22 2017
	Operating system call _beginthreadex failed. Error code 5


DTICI5WX	Tue May 02 13:38:22 2017
	Trace facility: can't start touch thread


DTICI5WX	Tue May 02 18:21:32 2017
	Operating system call _beginthreadex failed. Error code 5


DTICI5WX	Tue May 02 18:21:32 2017
	Trace facility: can't start touch thread


DTICI5WX	Wed May 03 10:45:46 2017
	Operating system call _beginthreadex failed. Error code 5


DTICI5WX	Wed May 03 10:45:46 2017
	Trace facility: can't start touch thread


DTICI5WX	Wed May 03 10:50:26 2017
	Operating system call _beginthreadex failed. Error code 5


DTICI5WX	Wed May 03 10:50:26 2017
	Trace facility: can't start touch thread


DTICI5WX	Wed May 03 11:17:21 2017
	Operating system call _beginthreadex failed. Error code 5


DTICI5WX	Wed May 03 11:17:21 2017
	Trace facility: can't start touch thread


DTICI5WX	Wed May 03 11:43:01 2017
	ib_util init failed, UDFs can't be used - looks like firebird misconfigured
	
	D:\src\projects\Werkerfuehrung\ww_hh_build-trunk\ww_hh - Triumph\bin\debug\bin/ib_util.dll library has not been found
	D:\src\projects\Werkerfuehrung\ww_hh_build-trunk\ww_hh - Triumph\bin\debug\ib_util.dll library has not been found
	ib_util.dll library has not been found


DTICI5WX	Wed May 03 11:56:33 2017
	ib_util init failed, UDFs can't be used - looks like firebird misconfigured
	
	D:\src\projects\Werkerfuehrung\ww_hh_build-trunk\ww_hh - Triumph\bin\debug\bin/ib_util.dll library has not been found
	D:\src\projects\Werkerfuehrung\ww_hh_build-trunk\ww_hh - Triumph\bin\debug\ib_util.dll library has not been found
	ib_util.dll library has not been found

